<?xml version="1.0" encoding="UTF-8"?>
<testsuite xmlns:xsi="http://www.w3.org/2001/XMLSchema-instance" xsi:noNamespaceSchemaLocation="https://maven.apache.org/surefire/maven-surefire-plugin/xsd/surefire-test-report-3.0.xsd" version="3.0" name="org.fast_food.product.ColdDrinkTest" time="0.012" tests="5" errors="0" skipped="0" failures="0">
  <properties>
    <property name="java.specification.version" value="22"/>
    <property name="sun.cpu.isalist" value="amd64"/>
    <property name="sun.jnu.encoding" value="Cp1250"/>
    <property name="java.class.path" value="D:\Projekty\Java Projects\Fast food ordering\target\test-classes;D:\Projekty\Java Projects\Fast food ordering\target\classes;C:\Users\barto\.m2\repository\org\junit\jupiter\junit-jupiter-engine\5.11.0-M2\junit-jupiter-engine-5.11.0-M2.jar;C:\Users\barto\.m2\repository\org\junit\platform\junit-platform-engine\1.11.0-M2\junit-platform-engine-1.11.0-M2.jar;C:\Users\barto\.m2\repository\org\opentest4j\opentest4j\1.3.0\opentest4j-1.3.0.jar;C:\Users\barto\.m2\repository\org\junit\platform\junit-platform-commons\1.11.0-M2\junit-platform-commons-1.11.0-M2.jar;C:\Users\barto\.m2\repository\org\junit\jupiter\junit-jupiter-api\5.11.0-M2\junit-jupiter-api-5.11.0-M2.jar;C:\Users\barto\.m2\repository\org\apiguardian\apiguardian-api\1.1.2\apiguardian-api-1.1.2.jar;C:\Users\barto\.m2\repository\com\miglayout\miglayout-core\11.3\miglayout-core-11.3.jar;C:\Users\barto\.m2\repository\com\miglayout\miglayout-swing\11.3\miglayout-swing-11.3.jar;C:\Users\barto\.m2\repository\com\github\jiconfont\jiconfont-swing\1.0.0\jiconfont-swing-1.0.0.jar;C:\Users\barto\.m2\repository\com\github\jiconfont\jiconfont\0.10.0\jiconfont-0.10.0.jar;C:\Users\barto\.m2\repository\com\github\jiconfont\jiconfont-font_awesome\4.7.0.1\jiconfont-font_awesome-4.7.0.1.jar;C:\Users\barto\.m2\repository\com\itextpdf\barcodes\8.0.3\barcodes-8.0.3.jar;C:\Users\barto\.m2\repository\com\itextpdf\font-asian\8.0.3\font-asian-8.0.3.jar;C:\Users\barto\.m2\repository\com\itextpdf\forms\8.0.3\forms-8.0.3.jar;C:\Users\barto\.m2\repository\com\itextpdf\hyph\8.0.3\hyph-8.0.3.jar;C:\Users\barto\.m2\repository\com\itextpdf\io\8.0.3\io-8.0.3.jar;C:\Users\barto\.m2\repository\com\itextpdf\commons\8.0.3\commons-8.0.3.jar;C:\Users\barto\.m2\repository\com\itextpdf\kernel\8.0.3\kernel-8.0.3.jar;C:\Users\barto\.m2\repository\com\itextpdf\layout\8.0.3\layout-8.0.3.jar;C:\Users\barto\.m2\repository\com\itextpdf\pdfa\8.0.3\pdfa-8.0.3.jar;C:\Users\barto\.m2\repository\com\itextpdf\sign\8.0.3\sign-8.0.3.jar;C:\Users\barto\.m2\repository\com\itextpdf\styled-xml-parser\8.0.3\styled-xml-parser-8.0.3.jar;C:\Users\barto\.m2\repository\com\itextpdf\svg\8.0.3\svg-8.0.3.jar;C:\Users\barto\.m2\repository\com\itextpdf\bouncy-castle-connector\8.0.3\bouncy-castle-connector-8.0.3.jar;C:\Users\barto\.m2\repository\com\itextpdf\pdfua\8.0.3\pdfua-8.0.3.jar;C:\Users\barto\.m2\repository\org\slf4j\slf4j-api\1.7.30\slf4j-api-1.7.30.jar;C:\Users\barto\.m2\repository\org\slf4j\slf4j-simple\1.7.30\slf4j-simple-1.7.30.jar;C:\Users\barto\.m2\repository\commons-io\commons-io\2.15.1\commons-io-2.15.1.jar;C:\Users\barto\.m2\repository\org\postgresql\postgresql\42.7.2\postgresql-42.7.2.jar;C:\Users\barto\.m2\repository\org\checkerframework\checker-qual\3.42.0\checker-qual-3.42.0.jar;C:\Users\barto\.m2\repository\org\mindrot\jbcrypt\0.4\jbcrypt-0.4.jar;C:\Users\barto\.m2\repository\com\fasterxml\jackson\core\jackson-databind\2.16.0\jackson-databind-2.16.0.jar;C:\Users\barto\.m2\repository\com\fasterxml\jackson\core\jackson-annotations\2.16.0\jackson-annotations-2.16.0.jar;C:\Users\barto\.m2\repository\com\fasterxml\jackson\core\jackson-core\2.16.0\jackson-core-2.16.0.jar;C:\Users\barto\.m2\repository\org\reflections\reflections\0.9.12\reflections-0.9.12.jar;C:\Users\barto\.m2\repository\org\javassist\javassist\3.26.0-GA\javassist-3.26.0-GA.jar;"/>
    <property name="java.vm.vendor" value="Eclipse Adoptium"/>
    <property name="sun.arch.data.model" value="64"/>
    <property name="user.variant" value=""/>
    <property name="java.vendor.url" value="https://adoptium.net/"/>
    <property name="user.timezone" value="Europe/Warsaw"/>
    <property name="os.name" value="Windows 10"/>
    <property name="java.vm.specification.version" value="22"/>
    <property name="sun.java.launcher" value="SUN_STANDARD"/>
    <property name="user.country" value="PL"/>
    <property name="sun.boot.library.path" value="C:\Users\barto\.jdks\temurin-22.0.1\bin"/>
    <property name="sun.java.command" value="C:\Users\barto\AppData\Local\Temp\surefire18390496029951864492\surefirebooter-20240603153103345_3.jar C:\Users\barto\AppData\Local\Temp\surefire18390496029951864492 2024-06-03T15-31-03_196-jvmRun1 surefire-20240603153103345_1tmp surefire_0-20240603153103345_2tmp"/>
    <property name="jdk.debug" value="release"/>
    <property name="surefire.test.class.path" value="D:\Projekty\Java Projects\Fast food ordering\target\test-classes;D:\Projekty\Java Projects\Fast food ordering\target\classes;C:\Users\barto\.m2\repository\org\junit\jupiter\junit-jupiter-engine\5.11.0-M2\junit-jupiter-engine-5.11.0-M2.jar;C:\Users\barto\.m2\repository\org\junit\platform\junit-platform-engine\1.11.0-M2\junit-platform-engine-1.11.0-M2.jar;C:\Users\barto\.m2\repository\org\opentest4j\opentest4j\1.3.0\opentest4j-1.3.0.jar;C:\Users\barto\.m2\repository\org\junit\platform\junit-platform-commons\1.11.0-M2\junit-platform-commons-1.11.0-M2.jar;C:\Users\barto\.m2\repository\org\junit\jupiter\junit-jupiter-api\5.11.0-M2\junit-jupiter-api-5.11.0-M2.jar;C:\Users\barto\.m2\repository\org\apiguardian\apiguardian-api\1.1.2\apiguardian-api-1.1.2.jar;C:\Users\barto\.m2\repository\com\miglayout\miglayout-core\11.3\miglayout-core-11.3.jar;C:\Users\barto\.m2\repository\com\miglayout\miglayout-swing\11.3\miglayout-swing-11.3.jar;C:\Users\barto\.m2\repository\com\github\jiconfont\jiconfont-swing\1.0.0\jiconfont-swing-1.0.0.jar;C:\Users\barto\.m2\repository\com\github\jiconfont\jiconfont\0.10.0\jiconfont-0.10.0.jar;C:\Users\barto\.m2\repository\com\github\jiconfont\jiconfont-font_awesome\4.7.0.1\jiconfont-font_awesome-4.7.0.1.jar;C:\Users\barto\.m2\repository\com\itextpdf\barcodes\8.0.3\barcodes-8.0.3.jar;C:\Users\barto\.m2\repository\com\itextpdf\font-asian\8.0.3\font-asian-8.0.3.jar;C:\Users\barto\.m2\repository\com\itextpdf\forms\8.0.3\forms-8.0.3.jar;C:\Users\barto\.m2\repository\com\itextpdf\hyph\8.0.3\hyph-8.0.3.jar;C:\Users\barto\.m2\repository\com\itextpdf\io\8.0.3\io-8.0.3.jar;C:\Users\barto\.m2\repository\com\itextpdf\commons\8.0.3\commons-8.0.3.jar;C:\Users\barto\.m2\repository\com\itextpdf\kernel\8.0.3\kernel-8.0.3.jar;C:\Users\barto\.m2\repository\com\itextpdf\layout\8.0.3\layout-8.0.3.jar;C:\Users\barto\.m2\repository\com\itextpdf\pdfa\8.0.3\pdfa-8.0.3.jar;C:\Users\barto\.m2\repository\com\itextpdf\sign\8.0.3\sign-8.0.3.jar;C:\Users\barto\.m2\repository\com\itextpdf\styled-xml-parser\8.0.3\styled-xml-parser-8.0.3.jar;C:\Users\barto\.m2\repository\com\itextpdf\svg\8.0.3\svg-8.0.3.jar;C:\Users\barto\.m2\repository\com\itextpdf\bouncy-castle-connector\8.0.3\bouncy-castle-connector-8.0.3.jar;C:\Users\barto\.m2\repository\com\itextpdf\pdfua\8.0.3\pdfua-8.0.3.jar;C:\Users\barto\.m2\repository\org\slf4j\slf4j-api\1.7.30\slf4j-api-1.7.30.jar;C:\Users\barto\.m2\repository\org\slf4j\slf4j-simple\1.7.30\slf4j-simple-1.7.30.jar;C:\Users\barto\.m2\repository\commons-io\commons-io\2.15.1\commons-io-2.15.1.jar;C:\Users\barto\.m2\repository\org\postgresql\postgresql\42.7.2\postgresql-42.7.2.jar;C:\Users\barto\.m2\repository\org\checkerframework\checker-qual\3.42.0\checker-qual-3.42.0.jar;C:\Users\barto\.m2\repository\org\mindrot\jbcrypt\0.4\jbcrypt-0.4.jar;C:\Users\barto\.m2\repository\com\fasterxml\jackson\core\jackson-databind\2.16.0\jackson-databind-2.16.0.jar;C:\Users\barto\.m2\repository\com\fasterxml\jackson\core\jackson-annotations\2.16.0\jackson-annotations-2.16.0.jar;C:\Users\barto\.m2\repository\com\fasterxml\jackson\core\jackson-core\2.16.0\jackson-core-2.16.0.jar;C:\Users\barto\.m2\repository\org\reflections\reflections\0.9.12\reflections-0.9.12.jar;C:\Users\barto\.m2\repository\org\javassist\javassist\3.26.0-GA\javassist-3.26.0-GA.jar;"/>
    <property name="sun.cpu.endian" value="little"/>
    <property name="user.home" value="C:\Users\barto"/>
    <property name="user.language" value="pl"/>
    <property name="java.specification.vendor" value="Oracle Corporation"/>
    <property name="java.version.date" value="2024-04-16"/>
    <property name="java.home" value="C:\Users\barto\.jdks\temurin-22.0.1"/>
    <property name="file.separator" value="\"/>
    <property name="basedir" value="D:\Projekty\Java Projects\Fast food ordering"/>
    <property name="java.vm.compressedOopsMode" value="Zero based"/>
    <property name="line.separator" value="&#10;"/>
    <property name="java.vm.specification.vendor" value="Oracle Corporation"/>
    <property name="java.specification.name" value="Java Platform API Specification"/>
    <property name="surefire.real.class.path" value="C:\Users\barto\AppData\Local\Temp\surefire18390496029951864492\surefirebooter-20240603153103345_3.jar"/>
    <property name="user.script" value=""/>
    <property name="sun.management.compiler" value="HotSpot 64-Bit Tiered Compilers"/>
    <property name="java.runtime.version" value="22.0.1+8"/>
    <property name="user.name" value="barto"/>
    <property name="stdout.encoding" value="Cp1250"/>
    <property name="path.separator" value=";"/>
    <property name="os.version" value="10.0"/>
    <property name="java.runtime.name" value="OpenJDK Runtime Environment"/>
    <property name="file.encoding" value="UTF-8"/>
    <property name="java.vm.name" value="OpenJDK 64-Bit Server VM"/>
    <property name="java.vendor.version" value="Temurin-22.0.1+8"/>
    <property name="localRepository" value="C:\Users\barto\.m2\repository"/>
    <property name="java.vendor.url.bug" value="https://github.com/adoptium/adoptium-support/issues"/>
    <property name="java.io.tmpdir" value="C:\Users\barto\AppData\Local\Temp\"/>
    <property name="idea.version" value="2023.3.2"/>
    <property name="java.version" value="22.0.1"/>
    <property name="user.dir" value="D:\Projekty\Java Projects\Fast food ordering"/>
    <property name="os.arch" value="amd64"/>
    <property name="java.vm.specification.name" value="Java Virtual Machine Specification"/>
    <property name="sun.os.patch.level" value=""/>
    <property name="native.encoding" value="Cp1250"/>
    <property name="java.library.path" value="C:\Users\barto\.jdks\temurin-22.0.1\bin;C:\WINDOWS\Sun\Java\bin;C:\WINDOWS\system32;C:\WINDOWS;C:\Program Files\Eclipse Adoptium\jdk-8.0.412.8-hotspot\bin;C:\Program Files\Eclipse Adoptium\jdk-21.0.2.13-hotspot\bin;C:\Program Files\Common Files\Oracle\Java\javapath;C:\WINDOWS\system32;C:\WINDOWS;C:\WINDOWS\System32\Wbem;C:\WINDOWS\System32\WindowsPowerShell\v1.0\;C:\WINDOWS\System32\OpenSSH\;C:\Program Files\Git\cmd;C:\Program Files\playit_gg\bin\;C:\Users\barto\AppData\Local\Programs\Python\Python312\Scripts\;C:\Users\barto\AppData\Local\Programs\Python\Python312\;C:\Users\barto\AppData\Local\Programs\Python\Launcher\;C:\Users\barto\AppData\Local\Microsoft\WindowsApps;;C:\Program Files\JetBrains\IntelliJ IDEA Community Edition 2023.3.2\bin;;."/>
    <property name="java.vm.info" value="mixed mode, sharing"/>
    <property name="stderr.encoding" value="Cp1250"/>
    <property name="java.vendor" value="Eclipse Adoptium"/>
    <property name="java.vm.version" value="22.0.1+8"/>
    <property name="sun.io.unicode.encoding" value="UnicodeLittle"/>
    <property name="java.class.version" value="66.0"/>
  </properties>
  <testcase name="testGetCaloriesForDifferentColdDrinks" classname="org.fast_food.product.ColdDrinkTest" time="0.002"/>
  <testcase name="testGetNameForDifferentColdDrinks" classname="org.fast_food.product.ColdDrinkTest" time="0.0"/>
  <testcase name="testGetDescriptionForDifferentColdDrinks" classname="org.fast_food.product.ColdDrinkTest" time="0.001"/>
  <testcase name="testGetPriceForDifferentColdDrinks" classname="org.fast_food.product.ColdDrinkTest" time="0.001"/>
  <testcase name="testValueOfDifferentColdDrinks" classname="org.fast_food.product.ColdDrinkTest" time="0.001"/>
</testsuite>